0 info it worked if it ends with ok
1 verbose cli [ 'C:\\Program Files\\nodejs\\node.exe',
1 verbose cli   'C:\\Program Files\\nodejs\\node_modules\\npm\\bin\\npm-cli.js',
1 verbose cli   'install',
1 verbose cli   '-g',
1 verbose cli   'npm' ]
2 info using npm@3.10.10
3 info using node@v6.11.2
4 silly loadCurrentTree Starting
5 silly install loadCurrentTree
6 silly install readGlobalPackageData
7 silly fetchPackageMetaData npm
8 silly fetchNamedPackageData npm
9 silly mapToRegistry name npm
10 silly mapToRegistry using default registry
11 silly mapToRegistry registry https://registry.npmjs.itcs.hpecorp.net/
12 silly mapToRegistry data Result {
12 silly mapToRegistry   raw: 'npm',
12 silly mapToRegistry   scope: null,
12 silly mapToRegistry   escapedName: 'npm',
12 silly mapToRegistry   name: 'npm',
12 silly mapToRegistry   rawSpec: '',
12 silly mapToRegistry   spec: 'latest',
12 silly mapToRegistry   type: 'tag' }
13 silly mapToRegistry uri https://registry.npmjs.itcs.hpecorp.net/npm
14 verbose request uri https://registry.npmjs.itcs.hpecorp.net/npm
15 verbose request no auth needed
16 info attempt registry request try #1 at 12:15:48 PM
17 verbose request id fec31aa65a2a4df1
18 http request GET https://registry.npmjs.itcs.hpecorp.net/npm
19 info retry will retry, error on last attempt: Error: tunneling socket could not be established, cause=connect ETIMEDOUT fd39:ec0d:499a:7777::1055:580a:8080
20 info attempt registry request try #2 at 12:16:19 PM
21 http request GET https://registry.npmjs.itcs.hpecorp.net/npm
22 info retry will retry, error on last attempt: Error: tunneling socket could not be established, cause=connect ETIMEDOUT fd39:ec0d:499a:7777::1055:580a:8080
23 info attempt registry request try #3 at 12:17:40 PM
24 http request GET https://registry.npmjs.itcs.hpecorp.net/npm
25 verbose stack Error: kill ENOSYS
25 verbose stack     at exports._errnoException (util.js:1020:11)
25 verbose stack     at process.kill (internal/process.js:190:13)
25 verbose stack     at process.listener (C:\Program Files\nodejs\node_modules\npm\node_modules\npmlog\node_modules\gauge\node_modules\signal-exit\index.js:86:15)
25 verbose stack     at emitNone (events.js:91:20)
25 verbose stack     at process.emit (events.js:185:7)
25 verbose stack     at processEmit (C:\Program Files\nodejs\node_modules\npm\node_modules\npmlog\node_modules\gauge\node_modules\signal-exit\index.js:146:32)
25 verbose stack     at processEmit (C:\Program Files\nodejs\node_modules\npm\node_modules\npm-registry-client\node_modules\npmlog\node_modules\gauge\node_modules\signal-exit\index.js:146:32)
25 verbose stack     at Signal.wrap.onsignal (internal/process.js:217:44)
26 verbose cwd C:\ApiBookMyItem
27 error Windows_NT 6.1.7601
28 error argv "C:\\Program Files\\nodejs\\node.exe" "C:\\Program Files\\nodejs\\node_modules\\npm\\bin\\npm-cli.js" "install" "-g" "npm"
29 error node v6.11.2
30 error npm  v3.10.10
31 error code ENOSYS
32 error errno ENOSYS
33 error syscall kill
34 error kill ENOSYS
35 error If you need help, you may report this error at:
35 error     <https://github.com/npm/npm/issues>
36 verbose exit [ 1, true ]
